SLF4J: Class path contains multiple SLF4J bindings.
SLF4J: Found binding in [jar:file:/home/boa/BusOnAir-master/neo4j/system/lib/logback-classic-0.9.30.jar!/org/slf4j/impl/StaticLoggerBinder.class]
SLF4J: Found binding in [jar:file:/home/boa/BusOnAir-master/neo4j/plugins/logback-classic-0.9.30.jar!/org/slf4j/impl/StaticLoggerBinder.class]
SLF4J: See http://www.slf4j.org/codes.html#multiple_bindings for an explanation.
18:06:54.062 [main] DEBUG o.a.c.c.ConfigurationUtils - ConfigurationUtils.locate(): base is /home/boa/BusOnAir-master/neo4j/conf, name is neo4j-server.properties
18:06:54.068 [main] DEBUG o.a.c.c.ConfigurationUtils - Loading configuration from the path /home/boa/BusOnAir-master/neo4j/conf/neo4j-server.properties
10/17/14 6:06:54 PM org.neo4j.server.NeoServerWithEmbeddedWebServer INFO: Starting Neo Server on port [7474] with [10] threads available
10/17/14 6:06:54 PM org.neo4j.server.NeoServerWithEmbeddedWebServer INFO: Enabling HTTPS on port [7473]
18:06:54.551 [main] INFO  org.mortbay.log - Logging to Logger[org.mortbay.log] via org.mortbay.log.Slf4jLog
18:06:54.551 [main] DEBUG org.mortbay.log - Container Server@1a28362 + SelectChannelConnector@0.0.0.0:7474 as connector
18:06:54.562 [main] DEBUG org.mortbay.log - Container Server@1a28362 + SslSocketConnector@0.0.0.0:7473 as connector
18:06:54.564 [main] DEBUG org.mortbay.log - Container Server@1a28362 + org.mortbay.thread.QueuedThreadPool@b4e29b as threadpool
10/17/14 6:06:54 PM org.neo4j.server.database.Database INFO: Using database at /home/boa/BusOnAir-master/neo4j/data/graph.db
18:06:54.716 [main] DEBUG neo4j.config - WARNING! Deprecated configuration options used. See manual for details
18:06:54.716 [main] DEBUG neo4j.config - enable_online_backup has been replaced with online_backup_enabled and online_backup_port
18:06:55.388 [main] DEBUG neo4j.xafactory - Opened [/home/boa/BusOnAir-master/neo4j/data/graph.db/nioneo_logical.log.1] clean empty log, version=50, lastTxId=157734
Logger not configured, logging to std out instead: [FINE] Adding JAXRS packages [org.neo4j.server.rest.discovery] at [/]
10/17/14 6:06:59 PM org.neo4j.server.modules.DiscoveryModule INFO: Mounted discovery module at [/]
Logger not configured, logging to std out instead: [FINE] Adding JAXRS packages [org.neo4j.server.rest.web] at [/db/data]
10/17/14 6:06:59 PM org.neo4j.server.plugins.PluginManager INFO: Loaded server plugin "CypherPlugin"
10/17/14 6:06:59 PM org.neo4j.server.plugins.PluginManager INFO: Loaded server plugin "SpatialPlugin"
10/17/14 6:06:59 PM org.neo4j.server.plugins.PluginManager INFO: Loaded server plugin "GremlinPlugin"
10/17/14 6:06:59 PM org.neo4j.server.modules.RESTApiModule INFO: Mounted REST API at [/db/data/]
Logger not configured, logging to std out instead: [FINE] Adding JAXRS packages [org.neo4j.server.webadmin.rest] at [/db/manage]
10/17/14 6:06:59 PM org.neo4j.server.modules.ManagementApiModule INFO: Mounted management API at [/db/manage/]
Logger not configured, logging to std out instead: [FINE] Adding JAXRS packages [boa.server] at [/plugin]
10/17/14 6:06:59 PM org.neo4j.server.modules.ThirdPartyJAXRSModule INFO: Mounted third-party JAX-RS package [boa.server] at [/plugin]
10/17/14 6:06:59 PM org.neo4j.server.modules.WebAdminModule INFO: Mounted webadmin at [/webadmin]
10/17/14 6:06:59 PM org.neo4j.server.web.Jetty6WebServer INFO: Mounting static content at [/webadmin] from [webadmin-html]
Logger not configured, logging to std out instead: [FINE] Found [jar:file:/home/boa/BusOnAir-master/neo4j/system/lib/neo4j-server-1.8.M03-static-web.jar!/webadmin-html]
Logger not configured, logging to std out instead: [FINE] Mounting static content from [jar:file:/home/boa/BusOnAir-master/neo4j/system/lib/neo4j-server-1.8.M03-static-web.jar!/webadmin-html] at [/webadmin]
Logger not configured, logging to std out instead: [FINE] Mounting servlet at [/plugin]
Logger not configured, logging to std out instead: [FINE] Mounting servlet at [/db/manage]
Logger not configured, logging to std out instead: [FINE] Mounting servlet at [/db/data]
Logger not configured, logging to std out instead: [FINE] Mounting servlet at [/]
18:07:00.005 [main] INFO  org.mortbay.log - jetty-6.1.25
18:07:00.074 [main] INFO  org.mortbay.log - NO JSP Support for /webadmin, did not find org.apache.jasper.servlet.JspServlet
18:07:02.393 [main] INFO  org.mortbay.log - Started SelectChannelConnector@0.0.0.0:7474
18:07:02.989 [main] INFO  org.mortbay.log - Started SslSocketConnector@0.0.0.0:7473
10/17/14 6:07:02 PM org.neo4j.server.statistic.StatisticStartupListener INFO: adding statistic-filter to /webadmin
10/17/14 6:07:02 PM org.neo4j.server.statistic.StatisticStartupListener INFO: adding statistic-filter to /plugin
10/17/14 6:07:02 PM org.neo4j.server.statistic.StatisticStartupListener INFO: adding statistic-filter to /db/manage
10/17/14 6:07:02 PM org.neo4j.server.statistic.StatisticStartupListener INFO: adding statistic-filter to /db/data
10/17/14 6:07:02 PM org.neo4j.server.statistic.StatisticStartupListener INFO: adding statistic-filter to /
10/17/14 6:07:02 PM org.neo4j.server.NeoServerWithEmbeddedWebServer INFO: Server started on [http://0.0.0.0:7474/]
DirectionsRoute from: (STOPID31165:NODEID37203:TIME7650:STATICTIME7650) to (STOPID31170:NODEID37215:TIME7668:STATICTIME7668)DirectionsRoute from: (STOPID31165:NODEID37203:TIME7650:STATICTIME7650) to (STOPID31169:NODEID37214:TIME7665:STATICTIME7665)DirectionsRoute from: (STOPID34113:NODEID40143:TIME7670:STATICTIME7670) to (STOPID34115:NODEID40164:TIME7675:STATICTIME7675)DirectionsRoute from: (STOPID31165:NODEID37203:TIME7650:STATICTIME7650) to (STOPID31166:NODEID37200:TIME7652:STATICTIME7652)DirectionsRoute from: (STOPID34079:NODEID40115:TIME7652:STATICTIME7652) to (STOPID34083:NODEID40117:TIME7662:STATICTIME7662)DirectionsRoute from: (STOPID31165:NODEID37203:TIME7650:STATICTIME7650) to (STOPID31166:NODEID37200:TIME7652:STATICTIME7652)DirectionsRoute from: (STOPID34079:NODEID40115:TIME7652:STATICTIME7652) to (STOPID34082:NODEID40118:TIME7660:STATICTIME7660)DirectionsRoute from: (STOPID33581:NODEID39620:TIME7665:STATICTIME7665) to (STOPID33583:NODEID39622:TIME7670:STATICTIME7670)