Oct 17, 2014 6:06:54 PM org.neo4j.server.logging.Logger log
INFO: Starting Neo Server on port [7474] with [10] threads available
Oct 17, 2014 6:06:54 PM org.neo4j.server.logging.Logger log
INFO: Enabling HTTPS on port [7473]
Oct 17, 2014 6:06:54 PM org.neo4j.server.logging.Logger log
INFO: Using database at /home/boa/BusOnAir-master/neo4j/data/graph.db
Oct 17, 2014 6:06:59 PM org.neo4j.server.logging.Logger log
INFO: Mounted discovery module at [/]
Oct 17, 2014 6:06:59 PM org.neo4j.server.logging.Logger log
INFO: Loaded server plugin "CypherPlugin"
Oct 17, 2014 6:06:59 PM org.neo4j.server.logging.Logger log
INFO: Loaded server plugin "SpatialPlugin"
Oct 17, 2014 6:06:59 PM org.neo4j.server.logging.Logger log
INFO: Loaded server plugin "GremlinPlugin"
Oct 17, 2014 6:06:59 PM org.neo4j.server.logging.Logger log
INFO: Mounted REST API at [/db/data/]
Oct 17, 2014 6:06:59 PM org.neo4j.server.logging.Logger log
INFO: Mounted management API at [/db/manage/]
Oct 17, 2014 6:06:59 PM org.neo4j.server.logging.Logger log
INFO: Mounted third-party JAX-RS package [boa.server] at [/plugin]
Oct 17, 2014 6:06:59 PM org.neo4j.server.logging.Logger log
INFO: Mounted webadmin at [/webadmin]
Oct 17, 2014 6:06:59 PM org.neo4j.server.logging.Logger log
INFO: Mounting static content at [/webadmin] from [webadmin-html]
Oct 17, 2014 6:07:00 PM com.sun.jersey.api.core.PackagesResourceConfig init
INFO: Scanning for root resource and provider classes in the packages:
  boa.server
Oct 17, 2014 6:07:00 PM com.sun.jersey.api.core.ScanningResourceConfig logClasses
INFO: Root resource classes found:
  class boa.server.plugin.init.LoadInRam
  class boa.server.plugin.runs.RunsResource
  class boa.server.webapp.routesearch.RouteSearchResource
  class boa.server.plugin.routes.RoutesResource
  class boa.server.plugin.backend.BackEndResource
  class boa.server.webapp.config.PopulateCacheResource
  class boa.server.plugin.directions.DirectionsResource
  class boa.server.plugin.stations.StationsResource
  class boa.server.webapp.directionsearch.DirectionsSearch
  class boa.server.plugin.stops.StopsResource
Oct 17, 2014 6:07:00 PM com.sun.jersey.api.core.ScanningResourceConfig logClasses
INFO: Provider classes found:
  class boa.server.webapp.config.JAXBContextResolver
Oct 17, 2014 6:07:00 PM com.sun.jersey.server.impl.application.WebApplicationImpl _initiate
INFO: Initiating Jersey application, version 'Jersey: 1.9 09/02/2011 11:17 AM'
Oct 17, 2014 6:07:01 PM com.sun.jersey.spi.inject.Errors processErrorMessages
WARNING: The following warnings have been detected with resource and/or provider classes:
  WARNING: A sub-resource method, public javax.ws.rs.core.Response boa.server.webapp.routesearch.RouteSearchResource.routeSearch(java.lang.Integer) throws java.io.IOException, with URI template, "/", is treated as a resource method
  WARNING: A sub-resource method, public javax.ws.rs.core.Response boa.server.webapp.config.PopulateCacheResource.populateCache(), with URI template, "/", is treated as a resource method
  WARNING: A sub-resource method, public javax.ws.rs.core.Response boa.server.webapp.directionsearch.DirectionsSearch.directions(double,double,double,double,double) throws java.io.IOException, with URI template, "/", is treated as a resource method
  WARNING: A sub-resource method, public javax.ws.rs.core.Response boa.server.plugin.directions.DirectionsResource.getDirections(java.lang.Double,java.lang.Double,java.lang.Double,java.lang.Double,java.lang.Integer,java.lang.Integer,java.lang.Integer,java.lang.String,java.lang.Integer) throws java.io.IOException, with URI template, "/", is treated as a resource method
Oct 17, 2014 6:07:01 PM com.sun.jersey.api.core.PackagesResourceConfig init
INFO: Scanning for root resource and provider classes in the packages:
  org.neo4j.server.webadmin.rest
Oct 17, 2014 6:07:01 PM com.sun.jersey.api.core.ScanningResourceConfig logClasses
INFO: Root resource classes found:
  class org.neo4j.server.webadmin.rest.JmxService
  class org.neo4j.server.webadmin.rest.RootService
  class org.neo4j.server.webadmin.rest.MonitorService
  class org.neo4j.server.webadmin.rest.ConsoleService
Oct 17, 2014 6:07:01 PM com.sun.jersey.api.core.ScanningResourceConfig init
INFO: No provider classes found.
Oct 17, 2014 6:07:01 PM com.sun.jersey.server.impl.application.WebApplicationImpl _initiate
INFO: Initiating Jersey application, version 'Jersey: 1.9 09/02/2011 11:17 AM'
Oct 17, 2014 6:07:01 PM com.sun.jersey.api.core.PackagesResourceConfig init
INFO: Scanning for root resource and provider classes in the packages:
  org.neo4j.server.rest.web
Oct 17, 2014 6:07:01 PM com.sun.jersey.api.core.ScanningResourceConfig logClasses
INFO: Root resource classes found:
  class org.neo4j.server.rest.web.BatchOperationService
  class org.neo4j.server.rest.web.ResourcesService
  class org.neo4j.server.rest.web.CypherService
  class org.neo4j.server.rest.web.DatabaseMetadataService
  class org.neo4j.server.rest.web.ExtensionService
  class org.neo4j.server.rest.web.RestfulGraphDatabase
Oct 17, 2014 6:07:01 PM com.sun.jersey.api.core.ScanningResourceConfig logClasses
INFO: Provider classes found:
  class org.neo4j.server.rest.web.DatabaseBlockedExceptionMapper
Oct 17, 2014 6:07:01 PM com.sun.jersey.server.impl.application.WebApplicationImpl _initiate
INFO: Initiating Jersey application, version 'Jersey: 1.9 09/02/2011 11:17 AM'
Oct 17, 2014 6:07:02 PM com.sun.jersey.api.core.PackagesResourceConfig init
INFO: Scanning for root resource and provider classes in the packages:
  org.neo4j.server.rest.discovery
Oct 17, 2014 6:07:02 PM com.sun.jersey.api.core.ScanningResourceConfig logClasses
INFO: Root resource classes found:
  class org.neo4j.server.rest.discovery.DiscoveryService
Oct 17, 2014 6:07:02 PM com.sun.jersey.api.core.ScanningResourceConfig init
INFO: No provider classes found.
Oct 17, 2014 6:07:02 PM com.sun.jersey.server.impl.application.WebApplicationImpl _initiate
INFO: Initiating Jersey application, version 'Jersey: 1.9 09/02/2011 11:17 AM'
Oct 17, 2014 6:07:02 PM org.neo4j.server.logging.Logger log
INFO: adding statistic-filter to /webadmin
Oct 17, 2014 6:07:02 PM org.neo4j.server.logging.Logger log
INFO: adding statistic-filter to /plugin
Oct 17, 2014 6:07:02 PM org.neo4j.server.logging.Logger log
INFO: adding statistic-filter to /db/manage
Oct 17, 2014 6:07:02 PM org.neo4j.server.logging.Logger log
INFO: adding statistic-filter to /db/data
Oct 17, 2014 6:07:02 PM org.neo4j.server.logging.Logger log
INFO: adding statistic-filter to /
Oct 17, 2014 6:07:02 PM org.neo4j.server.logging.Logger log
INFO: Server started on [http://0.0.0.0:7474/]
